<?xml version="1.0" encoding="UTF-8"?>
<testsuite xmlns:xsi="http://www.w3.org/2001/XMLSchema-instance" xsi:noNamespaceSchemaLocation="https://maven.apache.org/surefire/maven-surefire-plugin/xsd/surefire-test-report.xsd" name="br.ufscar.dc.compiladores.alguma.lexico.AppTest" time="0.051" tests="1" errors="0" skipped="0" failures="0">
  <properties>
    <property name="sun.desktop" value="gnome"/>
    <property name="awt.toolkit" value="sun.awt.X11.XToolkit"/>
    <property name="java.specification.version" value="11"/>
    <property name="sun.cpu.isalist" value=""/>
    <property name="sun.jnu.encoding" value="UTF-8"/>
    <property name="java.class.path" value="/home/fabris/Desktop/ufscar/cc/aprendendo/alguma-lexico/target/test-classes:/home/fabris/Desktop/ufscar/cc/aprendendo/alguma-lexico/target/classes:/home/fabris/.m2/repository/junit/junit/4.11/junit-4.11.jar:/home/fabris/.m2/repository/org/hamcrest/hamcrest-core/1.3/hamcrest-core-1.3.jar:/home/fabris/.m2/repository/org/antlr/antlr4/4.11.1/antlr4-4.11.1-complete.jar:/home/fabris/.m2/repository/org/antlr/antlr4-runtime/4.11.1/antlr4-runtime-4.11.1.jar:/home/fabris/.m2/repository/org/antlr/antlr-runtime/3.5.3/antlr-runtime-3.5.3.jar:/home/fabris/.m2/repository/org/antlr/ST4/4.3.4/ST4-4.3.4.jar:/home/fabris/.m2/repository/org/abego/treelayout/org.abego.treelayout.core/1.0.3/org.abego.treelayout.core-1.0.3.jar:/home/fabris/.m2/repository/org/glassfish/javax.json/1.1.4/javax.json-1.1.4.jar:/home/fabris/.m2/repository/com/ibm/icu/icu4j/71.1/icu4j-71.1.jar:"/>
    <property name="java.vm.vendor" value="Ubuntu"/>
    <property name="sun.arch.data.model" value="64"/>
    <property name="java.vendor.url" value="https://ubuntu.com/"/>
    <property name="user.timezone" value=""/>
    <property name="user.country.format" value="BR"/>
    <property name="java.vm.specification.version" value="11"/>
    <property name="os.name" value="Linux"/>
    <property name="sun.java.launcher" value="SUN_STANDARD"/>
    <property name="user.country" value="US"/>
    <property name="sun.boot.library.path" value="/usr/lib/jvm/java-11-openjdk-amd64/lib"/>
    <property name="sun.java.command" value="/home/fabris/Desktop/ufscar/cc/aprendendo/alguma-lexico/target/surefire/surefirebooter4491745086367656907.jar /home/fabris/Desktop/ufscar/cc/aprendendo/alguma-lexico/target/surefire 2023-05-19T20-36-00_765-jvmRun1 surefire9061756106625349690tmp surefire_014911888445648337006tmp"/>
    <property name="jdk.debug" value="release"/>
    <property name="surefire.test.class.path" value="/home/fabris/Desktop/ufscar/cc/aprendendo/alguma-lexico/target/test-classes:/home/fabris/Desktop/ufscar/cc/aprendendo/alguma-lexico/target/classes:/home/fabris/.m2/repository/junit/junit/4.11/junit-4.11.jar:/home/fabris/.m2/repository/org/hamcrest/hamcrest-core/1.3/hamcrest-core-1.3.jar:/home/fabris/.m2/repository/org/antlr/antlr4/4.11.1/antlr4-4.11.1-complete.jar:/home/fabris/.m2/repository/org/antlr/antlr4-runtime/4.11.1/antlr4-runtime-4.11.1.jar:/home/fabris/.m2/repository/org/antlr/antlr-runtime/3.5.3/antlr-runtime-3.5.3.jar:/home/fabris/.m2/repository/org/antlr/ST4/4.3.4/ST4-4.3.4.jar:/home/fabris/.m2/repository/org/abego/treelayout/org.abego.treelayout.core/1.0.3/org.abego.treelayout.core-1.0.3.jar:/home/fabris/.m2/repository/org/glassfish/javax.json/1.1.4/javax.json-1.1.4.jar:/home/fabris/.m2/repository/com/ibm/icu/icu4j/71.1/icu4j-71.1.jar:"/>
    <property name="sun.cpu.endian" value="little"/>
    <property name="user.home" value="/home/fabris"/>
    <property name="user.language" value="en"/>
    <property name="java.specification.vendor" value="Oracle Corporation"/>
    <property name="java.version.date" value="2023-01-17"/>
    <property name="java.home" value="/usr/lib/jvm/java-11-openjdk-amd64"/>
    <property name="file.separator" value="/"/>
    <property name="basedir" value="/home/fabris/Desktop/ufscar/cc/aprendendo/alguma-lexico"/>
    <property name="java.vm.compressedOopsMode" value="32-bit"/>
    <property name="line.separator" value="&#10;"/>
    <property name="java.specification.name" value="Java Platform API Specification"/>
    <property name="java.vm.specification.vendor" value="Oracle Corporation"/>
    <property name="java.awt.graphicsenv" value="sun.awt.X11GraphicsEnvironment"/>
    <property name="surefire.real.class.path" value="/home/fabris/Desktop/ufscar/cc/aprendendo/alguma-lexico/target/surefire/surefirebooter4491745086367656907.jar"/>
    <property name="sun.management.compiler" value="HotSpot 64-Bit Tiered Compilers"/>
    <property name="java.runtime.version" value="11.0.18+10-post-Ubuntu-0ubuntu118.04.1"/>
    <property name="user.name" value="fabris"/>
    <property name="path.separator" value=":"/>
    <property name="os.version" value="5.4.0-146-generic"/>
    <property name="java.runtime.name" value="OpenJDK Runtime Environment"/>
    <property name="file.encoding" value="UTF-8"/>
    <property name="java.vm.name" value="OpenJDK 64-Bit Server VM"/>
    <property name="localRepository" value="/home/fabris/.m2/repository"/>
    <property name="java.vendor.url.bug" value="https://bugs.launchpad.net/ubuntu/+source/openjdk-lts"/>
    <property name="java.io.tmpdir" value="/tmp"/>
    <property name="java.version" value="11.0.18"/>
    <property name="user.dir" value="/home/fabris/Desktop/ufscar/cc/aprendendo/alguma-lexico"/>
    <property name="os.arch" value="amd64"/>
    <property name="java.vm.specification.name" value="Java Virtual Machine Specification"/>
    <property name="java.awt.printerjob" value="sun.print.PSPrinterJob"/>
    <property name="user.language.format" value="pt"/>
    <property name="sun.os.patch.level" value="unknown"/>
    <property name="java.library.path" value="/usr/java/packages/lib:/usr/lib/x86_64-linux-gnu/jni:/lib/x86_64-linux-gnu:/usr/lib/x86_64-linux-gnu:/usr/lib/jni:/lib:/usr/lib"/>
    <property name="java.vm.info" value="mixed mode, sharing"/>
    <property name="java.vendor" value="Ubuntu"/>
    <property name="java.vm.version" value="11.0.18+10-post-Ubuntu-0ubuntu118.04.1"/>
    <property name="sun.io.unicode.encoding" value="UnicodeLittle"/>
    <property name="java.class.version" value="55.0"/>
  </properties>
  <testcase name="shouldAnswerWithTrue" classname="br.ufscar.dc.compiladores.alguma.lexico.AppTest" time="0.002"/>
</testsuite>